0 info it worked if it ends with ok
1 verbose cli [ '/usr/bin/nodejs',
1 verbose cli   '/usr/bin/npm',
1 verbose cli   'install',
1 verbose cli   '-save',
1 verbose cli   'animate.css' ]
2 info using npm@2.14.12
3 info using node@v4.2.4
4 verbose install initial load of /home/jessica/ensurant_prototypes/package.json
5 warn package.json ensurant_prototypes@1.0.0 No description
6 verbose installManyTop reading scoped package data from /home/jessica/ensurant_prototypes/node_modules/animate.css/package.json
7 verbose installManyTop reading scoped package data from /home/jessica/ensurant_prototypes/node_modules/babel-core/package.json
8 verbose installManyTop reading scoped package data from /home/jessica/ensurant_prototypes/node_modules/babel-loader/package.json
9 verbose installManyTop reading scoped package data from /home/jessica/ensurant_prototypes/node_modules/babel-preset-es2015/package.json
10 verbose installManyTop reading scoped package data from /home/jessica/ensurant_prototypes/node_modules/babel-preset-react/package.json
11 verbose installManyTop reading scoped package data from /home/jessica/ensurant_prototypes/node_modules/bootstrap/package.json
12 verbose installManyTop reading scoped package data from /home/jessica/ensurant_prototypes/node_modules/bootstrap-webpack/package.json
13 verbose installManyTop reading scoped package data from /home/jessica/ensurant_prototypes/node_modules/css-loader/package.json
14 verbose installManyTop reading scoped package data from /home/jessica/ensurant_prototypes/node_modules/exports-loader/package.json
15 verbose installManyTop reading scoped package data from /home/jessica/ensurant_prototypes/node_modules/extract-text-webpack-plugin/package.json
16 verbose installManyTop reading scoped package data from /home/jessica/ensurant_prototypes/node_modules/file-loader/package.json
17 verbose installManyTop reading scoped package data from /home/jessica/ensurant_prototypes/node_modules/imports-loader/package.json
18 verbose installManyTop reading scoped package data from /home/jessica/ensurant_prototypes/node_modules/jquery/package.json
19 verbose installManyTop reading scoped package data from /home/jessica/ensurant_prototypes/node_modules/less/package.json
20 verbose installManyTop reading scoped package data from /home/jessica/ensurant_prototypes/node_modules/less-loader/package.json
21 verbose installManyTop reading scoped package data from /home/jessica/ensurant_prototypes/node_modules/material-ui/package.json
22 verbose installManyTop reading scoped package data from /home/jessica/ensurant_prototypes/node_modules/npm-install-webpack-plugin/package.json
23 verbose installManyTop reading scoped package data from /home/jessica/ensurant_prototypes/node_modules/react/package.json
24 verbose installManyTop reading scoped package data from /home/jessica/ensurant_prototypes/node_modules/react-dom/package.json
25 verbose installManyTop reading scoped package data from /home/jessica/ensurant_prototypes/node_modules/react-tap-event-plugin/package.json
26 verbose installManyTop reading scoped package data from /home/jessica/ensurant_prototypes/node_modules/reaction/package.json
27 verbose installManyTop reading scoped package data from /home/jessica/ensurant_prototypes/node_modules/style-loader/package.json
28 verbose installManyTop reading scoped package data from /home/jessica/ensurant_prototypes/node_modules/url-loader/package.json
29 verbose installManyTop reading scoped package data from /home/jessica/ensurant_prototypes/node_modules/webpack/package.json
30 verbose installManyTop reading scoped package data from /home/jessica/ensurant_prototypes/node_modules/webpack-dev-server/package.json
31 verbose installManyTop reading scoped package data from /home/jessica/ensurant_prototypes/node_modules/webpack-merge/package.json
32 info package.json npm-install-webpack-plugin@3.1.1 No README data
33 info package.json react-tap-event-plugin@0.2.2 No license field.
34 info package.json bootstrap-webpack@0.0.5 No license field.
35 info package.json exports-loader@0.6.3 No license field.
36 info package.json less-loader@2.2.3 No license field.
37 verbose readDependencies loading dependencies from /home/jessica/ensurant_prototypes/package.json
38 verbose install animate.css is installed as 3.5.1
39 silly cache add args [ 'animate.css', null ]
40 verbose cache add spec animate.css
41 silly cache add parsed spec Result {
41 silly cache add   raw: 'animate.css',
41 silly cache add   scope: null,
41 silly cache add   name: 'animate.css',
41 silly cache add   rawSpec: '',
41 silly cache add   spec: 'latest',
41 silly cache add   type: 'tag' }
42 silly addNamed animate.css@latest
43 verbose addNamed "latest" is being treated as a dist-tag for animate.css
44 info addNameTag [ 'animate.css', 'latest' ]
45 silly mapToRegistry name animate.css
46 silly mapToRegistry using default registry
47 silly mapToRegistry registry https://registry.npmjs.org/
48 silly mapToRegistry uri https://registry.npmjs.org/animate.css
49 verbose addNameTag registry:https://registry.npmjs.org/animate.css not in flight; fetching
50 verbose request uri https://registry.npmjs.org/animate.css
51 verbose request no auth needed
52 info attempt registry request try #1 at 1:55:03 PM
53 verbose request id 3cf6c7b8c48cc9c6
54 verbose etag "5VKUPGJ1WJYQFGVINIVMMM4QG"
55 http request GET https://registry.npmjs.org/animate.css
56 http 304 https://registry.npmjs.org/animate.css
57 verbose headers { date: 'Sun, 22 May 2016 17:55:03 GMT',
57 verbose headers   via: '1.1 varnish',
57 verbose headers   'cache-control': 'max-age=300',
57 verbose headers   etag: '"5VKUPGJ1WJYQFGVINIVMMM4QG"',
57 verbose headers   age: '229',
57 verbose headers   connection: 'keep-alive',
57 verbose headers   'x-served-by': 'cache-iad2120-IAD',
57 verbose headers   'x-cache': 'HIT',
57 verbose headers   'x-cache-hits': '1',
57 verbose headers   'x-timer': 'S1463939703.324939,VS0,VE0',
57 verbose headers   vary: 'Accept-Encoding' }
58 silly get cb [ 304,
58 silly get   { date: 'Sun, 22 May 2016 17:55:03 GMT',
58 silly get     via: '1.1 varnish',
58 silly get     'cache-control': 'max-age=300',
58 silly get     etag: '"5VKUPGJ1WJYQFGVINIVMMM4QG"',
58 silly get     age: '229',
58 silly get     connection: 'keep-alive',
58 silly get     'x-served-by': 'cache-iad2120-IAD',
58 silly get     'x-cache': 'HIT',
58 silly get     'x-cache-hits': '1',
58 silly get     'x-timer': 'S1463939703.324939,VS0,VE0',
58 silly get     vary: 'Accept-Encoding' } ]
59 verbose etag https://registry.npmjs.org/animate.css from cache
60 verbose get saving animate.css to /home/jessica/.npm/registry.npmjs.org/animate.css/.cache.json
61 silly addNameTag next cb for animate.css with tag latest
62 silly addNamed animate.css@3.5.1
63 verbose addNamed "3.5.1" is a plain semver version for animate.css
64 silly cache afterAdd animate.css@3.5.1
65 verbose afterAdd /home/jessica/.npm/animate.css/3.5.1/package/package.json not in flight; writing
66 verbose afterAdd /home/jessica/.npm/animate.css/3.5.1/package/package.json written
67 silly install resolved [ { name: 'animate.css',
67 silly install resolved     version: '3.5.1',
67 silly install resolved     main: 'animate.css',
67 silly install resolved     repository:
67 silly install resolved      { type: 'git',
67 silly install resolved        url: 'git+https://github.com/daneden/animate.css.git' },
67 silly install resolved     author: { name: 'Daniel Eden' },
67 silly install resolved     homepage: 'http://daneden.me/animate',
67 silly install resolved     license: 'MIT',
67 silly install resolved     style: './animate.css',
67 silly install resolved     jspm: { main: 'animate.css!', format: 'global', directories: [Object] },
67 silly install resolved     devDependencies:
67 silly install resolved      { gulp: '^3.9.0',
67 silly install resolved        'gulp-autoprefixer': '^3.1.0',
67 silly install resolved        'gulp-concat': '^2.6.0',
67 silly install resolved        'gulp-cssnano': '^2.0.0',
67 silly install resolved        'gulp-header': '^1.7.1',
67 silly install resolved        'gulp-rename': '^1.2.2',
67 silly install resolved        'gulp-util': '^3.0.7',
67 silly install resolved        'run-sequence': '^1.1.5' },
67 silly install resolved     spm: { main: './animate.css' },
67 silly install resolved     gitHead: 'b39e9341fffed666ad896ba9c256e1eda1dd1e00',
67 silly install resolved     description: '*Just-add-water CSS animation*',
67 silly install resolved     bugs: { url: 'https://github.com/daneden/animate.css/issues' },
67 silly install resolved     _id: 'animate.css@3.5.1',
67 silly install resolved     scripts: {},
67 silly install resolved     _shasum: '9f9e4df53ba2bde030891bcf73d8f0d940b57c63',
67 silly install resolved     _from: 'animate.css@latest',
67 silly install resolved     _npmVersion: '3.5.3',
67 silly install resolved     _nodeVersion: '5.5.0',
67 silly install resolved     _npmUser: { name: 'dte', email: 'dan.eden@me.com' },
67 silly install resolved     dist:
67 silly install resolved      { shasum: '9f9e4df53ba2bde030891bcf73d8f0d940b57c63',
67 silly install resolved        tarball: 'https://registry.npmjs.org/animate.css/-/animate.css-3.5.1.tgz' },
67 silly install resolved     maintainers: [ [Object] ],
67 silly install resolved     _npmOperationalInternal:
67 silly install resolved      { host: 'packages-9-west.internal.npmjs.com',
67 silly install resolved        tmp: 'tmp/animate.css-3.5.1.tgz_1454458687335_0.04833525512367487' },
67 silly install resolved     directories: {},
67 silly install resolved     _resolved: 'https://registry.npmjs.org/animate.css/-/animate.css-3.5.1.tgz',
67 silly install resolved     readme: 'ERROR: No README data found!' } ]
68 info install animate.css@3.5.1 into /home/jessica/ensurant_prototypes
69 info installOne animate.css@3.5.1
70 verbose installOne of animate.css to /home/jessica/ensurant_prototypes not in flight; installing
71 verbose lock using /home/jessica/.npm/_locks/animate-css-e507067c4a0646cb.lock for /home/jessica/ensurant_prototypes/node_modules/animate.css
72 silly install write writing animate.css 3.5.1 to /home/jessica/ensurant_prototypes/node_modules/animate.css
73 verbose unbuild node_modules/animate.css
74 info preuninstall animate.css@3.5.1
75 info uninstall animate.css@3.5.1
76 verbose unbuild rmStuff animate.css@3.5.1 from /home/jessica/ensurant_prototypes/node_modules
77 info postuninstall animate.css@3.5.1
78 silly gentlyRm /home/jessica/ensurant_prototypes/node_modules/animate.css is being purged from base /home/jessica/ensurant_prototypes
79 verbose gentlyRm don't care about contents; nuking /home/jessica/ensurant_prototypes/node_modules/animate.css
80 silly vacuum-fs purging /home/jessica/ensurant_prototypes/node_modules/animate.css
81 silly vacuum-fs quitting because other entries in /home/jessica/ensurant_prototypes/node_modules
82 verbose tar unpack /home/jessica/.npm/animate.css/3.5.1/package.tgz
83 verbose tar unpacking to /home/jessica/ensurant_prototypes/node_modules/animate.css
84 silly gentlyRm /home/jessica/ensurant_prototypes/node_modules/animate.css is being purged
85 verbose gentlyRm don't care about contents; nuking /home/jessica/ensurant_prototypes/node_modules/animate.css
86 silly gunzTarPerm modes [ '755', '644' ]
87 silly gunzTarPerm extractEntry package.json
88 silly gunzTarPerm extractEntry .npmignore
89 silly gunzTarPerm extractEntry README.md
90 silly gunzTarPerm extractEntry gulpfile.js
91 silly gunzTarPerm extractEntry animate.min.css
92 silly gunzTarPerm extractEntry animate.css
93 silly gunzTarPerm extractEntry bower.json
94 silly gunzTarPerm extractEntry .editorconfig
95 silly gunzTarPerm extractEntry animate-config.json
96 silly gunzTarPerm extractEntry source/lightspeed/lightSpeedIn.css
97 silly gunzTarPerm extractEntry source/lightspeed/lightSpeedOut.css
98 silly gunzTarPerm extractEntry source/_base.css
99 silly gunzTarPerm extractEntry source/bouncing_entrances/bounceIn.css
100 silly gunzTarPerm extractEntry source/bouncing_entrances/bounceInDown.css
101 silly gunzTarPerm extractEntry source/bouncing_entrances/bounceInLeft.css
102 silly gunzTarPerm extractEntry source/bouncing_entrances/bounceInRight.css
103 silly gunzTarPerm extractEntry source/bouncing_entrances/bounceInUp.css
104 silly gunzTarPerm extractEntry source/bouncing_exits/bounceOut.css
105 silly gunzTarPerm extractEntry source/bouncing_exits/bounceOutDown.css
106 silly gunzTarPerm extractEntry source/bouncing_exits/bounceOutLeft.css
107 silly gunzTarPerm extractEntry source/bouncing_exits/bounceOutRight.css
108 silly gunzTarPerm extractEntry source/bouncing_exits/bounceOutUp.css
109 silly gunzTarPerm extractEntry source/fading_entrances/fadeIn.css
110 silly gunzTarPerm extractEntry source/fading_entrances/fadeInDown.css
111 silly gunzTarPerm extractEntry source/fading_entrances/fadeInDownBig.css
112 silly gunzTarPerm extractEntry source/fading_entrances/fadeInLeft.css
113 silly gunzTarPerm extractEntry source/fading_entrances/fadeInLeftBig.css
114 silly gunzTarPerm extractEntry source/fading_entrances/fadeInRight.css
115 silly gunzTarPerm extractEntry source/fading_entrances/fadeInRightBig.css
116 silly gunzTarPerm extractEntry source/fading_entrances/fadeInUp.css
117 silly gunzTarPerm extractEntry source/fading_entrances/fadeInUpBig.css
118 silly gunzTarPerm extractEntry source/fading_exits/fadeOut.css
119 silly gunzTarPerm extractEntry source/fading_exits/fadeOutDown.css
120 silly gunzTarPerm extractEntry source/fading_exits/fadeOutDownBig.css
121 silly gunzTarPerm extractEntry source/fading_exits/fadeOutLeft.css
122 silly gunzTarPerm extractEntry source/fading_exits/fadeOutLeftBig.css
123 silly gunzTarPerm extractEntry source/fading_exits/fadeOutRight.css
124 silly gunzTarPerm extractEntry source/fading_exits/fadeOutRightBig.css
125 silly gunzTarPerm extractEntry source/fading_exits/fadeOutUp.css
126 silly gunzTarPerm extractEntry source/fading_exits/fadeOutUpBig.css
127 silly gunzTarPerm extractEntry source/flippers/flip.css
128 silly gunzTarPerm extractEntry source/flippers/flipInX.css
129 silly gunzTarPerm extractEntry source/flippers/flipInY.css
130 silly gunzTarPerm extractEntry source/flippers/flipOutX.css
131 silly gunzTarPerm extractEntry source/flippers/flipOutY.css
132 silly gunzTarPerm extractEntry source/attention_seekers/bounce.css
133 silly gunzTarPerm extractEntry source/attention_seekers/flash.css
134 silly gunzTarPerm extractEntry source/attention_seekers/headShake.css
135 silly gunzTarPerm extractEntry source/attention_seekers/jello.css
136 silly gunzTarPerm extractEntry source/attention_seekers/pulse.css
137 silly gunzTarPerm extractEntry source/attention_seekers/rubberBand.css
138 silly gunzTarPerm extractEntry source/attention_seekers/shake.css
139 silly gunzTarPerm extractEntry source/attention_seekers/swing.css
140 silly gunzTarPerm extractEntry source/attention_seekers/tada.css
141 silly gunzTarPerm extractEntry source/attention_seekers/wobble.css
142 silly gunzTarPerm extractEntry source/rotating_entrances/rotateIn.css
143 silly gunzTarPerm extractEntry source/rotating_entrances/rotateInDownLeft.css
144 silly gunzTarPerm extractEntry source/rotating_entrances/rotateInDownRight.css
145 silly gunzTarPerm extractEntry source/rotating_entrances/rotateInUpLeft.css
146 silly gunzTarPerm extractEntry source/rotating_entrances/rotateInUpRight.css
147 silly gunzTarPerm extractEntry source/rotating_exits/rotateOut.css
148 silly gunzTarPerm extractEntry source/rotating_exits/rotateOutDownLeft.css
149 silly gunzTarPerm extractEntry source/rotating_exits/rotateOutDownRight.css
150 silly gunzTarPerm extractEntry source/rotating_exits/rotateOutUpLeft.css
151 silly gunzTarPerm extractEntry source/rotating_exits/rotateOutUpRight.css
152 silly gunzTarPerm extractEntry source/sliding_entrances/slideInDown.css
153 silly gunzTarPerm extractEntry source/sliding_entrances/slideInLeft.css
154 silly gunzTarPerm extractEntry source/sliding_entrances/slideInRight.css
155 silly gunzTarPerm extractEntry source/sliding_entrances/slideInUp.css
156 silly gunzTarPerm extractEntry source/sliding_exits/slideOutDown.css
157 silly gunzTarPerm extractEntry source/sliding_exits/slideOutLeft.css
158 silly gunzTarPerm extractEntry source/sliding_exits/slideOutRight.css
159 silly gunzTarPerm extractEntry source/sliding_exits/slideOutUp.css
160 silly gunzTarPerm extractEntry source/specials/hinge.css
161 silly gunzTarPerm extractEntry source/specials/rollIn.css
162 silly gunzTarPerm extractEntry source/specials/rollOut.css
163 silly gunzTarPerm extractEntry source/zooming_entrances/zoomIn.css
164 silly gunzTarPerm extractEntry source/zooming_entrances/zoomInDown.css
165 silly gunzTarPerm extractEntry source/zooming_entrances/zoomInLeft.css
166 silly gunzTarPerm extractEntry source/zooming_entrances/zoomInRight.css
167 silly gunzTarPerm extractEntry source/zooming_entrances/zoomInUp.css
168 silly gunzTarPerm extractEntry source/zooming_exits/zoomOut.css
169 silly gunzTarPerm extractEntry source/zooming_exits/zoomOutDown.css
170 silly gunzTarPerm extractEntry source/zooming_exits/zoomOutLeft.css
171 silly gunzTarPerm extractEntry source/zooming_exits/zoomOutRight.css
172 silly gunzTarPerm extractEntry source/zooming_exits/zoomOutUp.css
173 verbose write writing to /home/jessica/ensurant_prototypes/node_modules/animate.css/package.json
174 info preinstall animate.css@3.5.1
175 verbose readDependencies loading dependencies from /home/jessica/ensurant_prototypes/node_modules/animate.css/package.json
176 verbose readDependencies loading dependencies from /home/jessica/ensurant_prototypes/node_modules/animate.css/package.json
177 silly install resolved []
178 verbose about to build /home/jessica/ensurant_prototypes/node_modules/animate.css
179 info build /home/jessica/ensurant_prototypes/node_modules/animate.css
180 info linkStuff animate.css@3.5.1
181 silly linkStuff animate.css@3.5.1 has /home/jessica/ensurant_prototypes/node_modules as its parent node_modules
182 verbose linkBins animate.css@3.5.1
183 verbose linkMans animate.css@3.5.1
184 verbose rebuildBundles animate.css@3.5.1
185 info install animate.css@3.5.1
186 info postinstall animate.css@3.5.1
187 verbose unlock done using /home/jessica/.npm/_locks/animate-css-e507067c4a0646cb.lock for /home/jessica/ensurant_prototypes/node_modules/animate.css
188 verbose validateInstall loading /home/jessica/ensurant_prototypes/package.json for validation
189 verbose stack Error: The package react-dom@15.0.2 does not satisfy its siblings' peerDependencies requirements!
189 verbose stack     at /usr/lib/node_modules/npm/lib/install.js:125:32
189 verbose stack     at /usr/lib/node_modules/npm/lib/install.js:268:7
189 verbose stack     at /usr/lib/node_modules/npm/node_modules/read-installed/read-installed.js:142:5
189 verbose stack     at /usr/lib/node_modules/npm/node_modules/read-installed/read-installed.js:263:14
189 verbose stack     at cb (/usr/lib/node_modules/npm/node_modules/slide/lib/async-map.js:47:24)
189 verbose stack     at /usr/lib/node_modules/npm/node_modules/read-installed/read-installed.js:263:14
189 verbose stack     at cb (/usr/lib/node_modules/npm/node_modules/slide/lib/async-map.js:47:24)
189 verbose stack     at /usr/lib/node_modules/npm/node_modules/read-installed/read-installed.js:263:14
189 verbose stack     at cb (/usr/lib/node_modules/npm/node_modules/slide/lib/async-map.js:47:24)
189 verbose stack     at /usr/lib/node_modules/npm/node_modules/read-installed/read-installed.js:263:14
190 verbose cwd /home/jessica/ensurant_prototypes
191 error Linux 3.19.0-25-generic
192 error argv "/usr/bin/nodejs" "/usr/bin/npm" "install" "-save" "animate.css"
193 error node v4.2.4
194 error npm  v2.14.12
195 error code EPEERINVALID
196 error peerinvalid The package react-dom@15.0.2 does not satisfy its siblings' peerDependencies requirements!
196 error peerinvalid Peer material-ui@0.14.4 wants react-dom@^0.14.0
197 verbose exit [ 1, true ]
